C:\USERS\FRAISSE\DOCUMENTS\VISUAL STUDIO 2010\PROJECTS\PROJET LABY\DEBUG\PROJET LABY.EXE
C:\USERS\FRAISSE\DOCUMENTS\VISUAL STUDIO 2010\PROJECTS\PROJET LABY\DEBUG\PROJET LABY.ILK
C:\USERS\FRAISSE\DOCUMENTS\VISUAL STUDIO 2010\PROJECTS\PROJET LABY\DEBUG\PROJET LABY.PDB
C:\USERS\FRAISSE\DOCUMENTS\VISUAL STUDIO 2010\PROJECTS\PROJET LABY\PROJET LABY\DEBUG\CONTENEURTDE.OBJ
C:\USERS\FRAISSE\DOCUMENTS\VISUAL STUDIO 2010\PROJECTS\PROJET LABY\PROJET LABY\DEBUG\FILARIANE2DGAME.OBJ
C:\USERS\FRAISSE\DOCUMENTS\VISUAL STUDIO 2010\PROJECTS\PROJET LABY\PROJET LABY\DEBUG\LABYRINTHE2D.OBJ
C:\USERS\FRAISSE\DOCUMENTS\VISUAL STUDIO 2010\PROJECTS\PROJET LABY\PROJET LABY\DEBUG\LISTE.OBJ
C:\USERS\FRAISSE\DOCUMENTS\VISUAL STUDIO 2010\PROJECTS\PROJET LABY\PROJET LABY\DEBUG\MAIN.OBJ
C:\USERS\FRAISSE\DOCUMENTS\VISUAL STUDIO 2010\PROJECTS\PROJET LABY\PROJET LABY\DEBUG\PILE.OBJ
C:\USERS\FRAISSE\DOCUMENTS\VISUAL STUDIO 2010\PROJECTS\PROJET LABY\PROJET LABY\DEBUG\POSITION.OBJ
C:\USERS\FRAISSE\DOCUMENTS\VISUAL STUDIO 2010\PROJECTS\PROJET LABY\PROJET LABY\DEBUG\PROJET LABY.EXE.EMBED.MANIFEST
C:\USERS\FRAISSE\DOCUMENTS\VISUAL STUDIO 2010\PROJECTS\PROJET LABY\PROJET LABY\DEBUG\PROJET LABY.EXE.EMBED.MANIFEST.RES
C:\USERS\FRAISSE\DOCUMENTS\VISUAL STUDIO 2010\PROJECTS\PROJET LABY\PROJET LABY\DEBUG\PROJET LABY.EXE.INTERMEDIATE.MANIFEST
C:\USERS\FRAISSE\DOCUMENTS\VISUAL STUDIO 2010\PROJECTS\PROJET LABY\PROJET LABY\DEBUG\PROJET LABY.OBJ
C:\USERS\FRAISSE\DOCUMENTS\VISUAL STUDIO 2010\PROJECTS\PROJET LABY\PROJET LABY\DEBUG\PROJET LABY.PCH
C:\USERS\FRAISSE\DOCUMENTS\VISUAL STUDIO 2010\PROJECTS\PROJET LABY\PROJET LABY\DEBUG\STDAFX.OBJ
C:\USERS\FRAISSE\DOCUMENTS\VISUAL STUDIO 2010\PROJECTS\PROJET LABY\PROJET LABY\DEBUG\TABLEAU2D.OBJ
C:\USERS\FRAISSE\DOCUMENTS\VISUAL STUDIO 2010\PROJECTS\PROJET LABY\PROJET LABY\DEBUG\VC100.PDB
C:\USERS\FRAISSE\DROPBOX\PROJETSIUT\PROJET LABY\PROJET LABY\DEBUG\FILARIANE2DGAME.OBJ
C:\USERS\FRAISSE\DROPBOX\PROJETSIUT\PROJET LABY\PROJET LABY\DEBUG\LABYRINTHE2D.OBJ
C:\USERS\FRAISSE\DROPBOX\PROJETSIUT\PROJET LABY\PROJET LABY\DEBUG\PILE.OBJ
C:\USERS\FRAISSE\DROPBOX\PROJETSIUT\PROJET LABY\PROJET LABY\DEBUG\PROJET LABY.OBJ
C:\USERS\FRAISSE\DROPBOX\PROJETSIUT\PROJET LABY\PROJET LABY\DEBUG\PROJET LABY.PCH
C:\USERS\FRAISSE\DROPBOX\PROJETSIUT\PROJET LABY\PROJET LABY\DEBUG\STDAFX.OBJ
C:\USERS\FRAISSE\DROPBOX\PROJETSIUT\PROJET LABY\PROJET LABY\DEBUG\TABLEAU2D.OBJ
C:\USERS\FRAISSE\DROPBOX\PROJETSIUT\PROJET LABY\PROJET LABY\DEBUG\VC100.PDB
Z:\PROJET LABY\DEBUG\PROJET LABY.EXE
Z:\PROJET LABY\DEBUG\PROJET LABY.ILK
Z:\PROJET LABY\DEBUG\PROJET LABY.PDB
Z:\Projet Laby\Projet Laby\Debug\cl.command.1.tlog
Z:\Projet Laby\Projet Laby\Debug\CL.read.1.tlog
Z:\Projet Laby\Projet Laby\Debug\CL.write.1.tlog
Z:\PROJET LABY\PROJET LABY\DEBUG\CONTENEURTDE.OBJ
Z:\PROJET LABY\PROJET LABY\DEBUG\FILARIANE2DGAME.OBJ
Z:\PROJET LABY\PROJET LABY\DEBUG\INDEXPOSITION2D.OBJ
Z:\PROJET LABY\PROJET LABY\DEBUG\LABYRINTHE2D.OBJ
Z:\Projet Laby\Projet Laby\Debug\link.1004.read.1.tlog
Z:\Projet Laby\Projet Laby\Debug\link.1004.write.1.tlog
Z:\Projet Laby\Projet Laby\Debug\link.1004-cvtres.read.1.tlog
Z:\Projet Laby\Projet Laby\Debug\link.1004-cvtres.write.1.tlog
Z:\Projet Laby\Projet Laby\Debug\link.13988.read.1.tlog
Z:\Projet Laby\Projet Laby\Debug\link.13988.write.1.tlog
Z:\Projet Laby\Projet Laby\Debug\link.13988-cvtres.read.1.tlog
Z:\Projet Laby\Projet Laby\Debug\link.13988-cvtres.write.1.tlog
Z:\Projet Laby\Projet Laby\Debug\link.18088.read.1.tlog
Z:\Projet Laby\Projet Laby\Debug\link.18088.write.1.tlog
Z:\Projet Laby\Projet Laby\Debug\link.18088-cvtres.read.1.tlog
Z:\Projet Laby\Projet Laby\Debug\link.18088-cvtres.write.1.tlog
Z:\Projet Laby\Projet Laby\Debug\link.4480.read.1.tlog
Z:\Projet Laby\Projet Laby\Debug\link.4480.write.1.tlog
Z:\Projet Laby\Projet Laby\Debug\link.4480-cvtres.read.1.tlog
Z:\Projet Laby\Projet Laby\Debug\link.4480-cvtres.write.1.tlog
Z:\Projet Laby\Projet Laby\Debug\link.5900.read.1.tlog
Z:\Projet Laby\Projet Laby\Debug\link.5900.write.1.tlog
Z:\Projet Laby\Projet Laby\Debug\link.5900-cvtres.read.1.tlog
Z:\Projet Laby\Projet Laby\Debug\link.5900-cvtres.write.1.tlog
Z:\Projet Laby\Projet Laby\Debug\link.876.read.1.tlog
Z:\Projet Laby\Projet Laby\Debug\link.876.write.1.tlog
Z:\Projet Laby\Projet Laby\Debug\link.876-cvtres.read.1.tlog
Z:\Projet Laby\Projet Laby\Debug\link.876-cvtres.write.1.tlog
Z:\Projet Laby\Projet Laby\Debug\link.9748.read.1.tlog
Z:\Projet Laby\Projet Laby\Debug\link.9748.write.1.tlog
Z:\Projet Laby\Projet Laby\Debug\link.9748-cvtres.read.1.tlog
Z:\Projet Laby\Projet Laby\Debug\link.9748-cvtres.write.1.tlog
Z:\Projet Laby\Projet Laby\Debug\link.command.1.tlog
Z:\Projet Laby\Projet Laby\Debug\link.read.1.tlog
Z:\Projet Laby\Projet Laby\Debug\link.write.1.tlog
Z:\Projet Laby\Projet Laby\Debug\link-cvtres.read.1.tlog
Z:\Projet Laby\Projet Laby\Debug\link-cvtres.write.1.tlog
Z:\PROJET LABY\PROJET LABY\DEBUG\LISTE.OBJ
Z:\Projet Laby\Projet Laby\Debug\main.obj
Z:\Projet Laby\Projet Laby\Debug\mt.command.1.tlog
Z:\Projet Laby\Projet Laby\Debug\mt.read.1.tlog
Z:\Projet Laby\Projet Laby\Debug\mt.write.1.tlog
Z:\PROJET LABY\PROJET LABY\DEBUG\PILE.OBJ
Z:\PROJET LABY\PROJET LABY\DEBUG\POSITION.OBJ
Z:\Projet Laby\Projet Laby\Debug\Projet Laby.exe.embed.manifest
Z:\PROJET LABY\PROJET LABY\DEBUG\PROJET LABY.EXE.EMBED.MANIFEST.RES
Z:\Projet Laby\Projet Laby\Debug\Projet Laby.exe.intermediate.manifest
Z:\PROJET LABY\PROJET LABY\DEBUG\PROJET LABY.OBJ
Z:\PROJET LABY\PROJET LABY\DEBUG\PROJET LABY.PCH
Z:\Projet Laby\Projet Laby\Debug\Projet Laby_manifest.rc
Z:\Projet Laby\Projet Laby\Debug\rc.command.1.tlog
Z:\Projet Laby\Projet Laby\Debug\rc.read.1.tlog
Z:\Projet Laby\Projet Laby\Debug\rc.write.1.tlog
Z:\PROJET LABY\PROJET LABY\DEBUG\STDAFX.OBJ
Z:\PROJET LABY\PROJET LABY\DEBUG\TABLEAU2D.OBJ
Z:\Projet Laby\Projet Laby\Debug\vc100.idb
Z:\PROJET LABY\PROJET LABY\DEBUG\VC100.PDB
